<?xml version="1.0" encoding="UTF-8"?>
<!-- Generated by org.testng.reporters.JUnitXMLReporter -->
<testsuite ignored="0" hostname="Nikhil" failures="0" tests="4" name="SubmitOrder" time="54.828" errors="0" timestamp="2022-12-02T20:43:19 IST">
  <testcase classname="NikhilSoniAcademy.StandOrderTest" name="StandOrderTests" time="4.296"/>
  <testcase classname="NikhilSoniAcademy.StandOrderTest" name="StandOrderTests" time="4.753"/>
  <testcase classname="NikhilSoniAcademy.StandOrderTest" name="StandOrderTests" time="4.975"/>
  <testcase classname="NikhilSoniAcademy.StandOrderTest" name="verifyingOrderPage" time="5.06"/>
</testsuite> <!-- SubmitOrder -->
