<?xml version="1.0" encoding="UTF-8"?>
<!-- Generated by org.testng.reporters.JUnitXMLReporter -->
<testsuite ignored="0" hostname="Nikhil" failures="0" tests="2" name="ErrorValidation" time="0.1" errors="0" timestamp="2022-12-05T20:26:50 IST">
  <testcase classname="testcomponent.BaseTest" name="@BeforeMethod launchApplication" time="0.038">
    <failure type="java.lang.NullPointerException" message="Cannot invoke &amp;quot;org.openqa.selenium.WebDriver.manage()&amp;quot; because &amp;quot;this.driver&amp;quot; is null">
      <![CDATA[java.lang.NullPointerException: Cannot invoke "org.openqa.selenium.WebDriver.manage()" because "this.driver" is null
at testcomponent.BaseTest.initializeDriver(BaseTest.java:52)
at testcomponent.BaseTest.launchApplication(BaseTest.java:85)
at java.base/java.util.ArrayList.forEach(ArrayList.java:1511)
... Removed 35 stack frames]]>
    </failure>
  </testcase> <!-- @BeforeMethod launchApplication -->
  <testcase classname="testcomponent.BaseTest" name="@BeforeMethod launchApplication" time="0.054">
    <failure type="java.lang.NullPointerException" message="Cannot invoke &amp;quot;org.openqa.selenium.WebDriver.manage()&amp;quot; because &amp;quot;this.driver&amp;quot; is null">
      <![CDATA[java.lang.NullPointerException: Cannot invoke "org.openqa.selenium.WebDriver.manage()" because "this.driver" is null
at testcomponent.BaseTest.initializeDriver(BaseTest.java:52)
at testcomponent.BaseTest.launchApplication(BaseTest.java:85)
at java.base/java.util.ArrayList.forEach(ArrayList.java:1511)
... Removed 35 stack frames]]>
    </failure>
  </testcase> <!-- @BeforeMethod launchApplication -->
  <testcase classname="NikhilSoniAcademy.ErrorValidation" name="ErrorValidations" time="0.0">
    <skipped/>
  </testcase> <!-- ErrorValidations -->
  <testcase classname="NikhilSoniAcademy.ErrorValidation" name="checkingForProducts" time="0.0">
    <skipped/>
  </testcase> <!-- checkingForProducts -->
</testsuite> <!-- ErrorValidation -->
